bleachbit
hpipp
musescore
celestia-addon-spitzer_space_telescope
celestia-addon-deep_impact_spacecraft
celestia-addon-tatooine_endor_deathstar
celestia-addon-global_water_volume
celestia-addon-international_space_station
celestia-addon-hubble_space_telescope
celestia-addon-2010_exoplanets_ii
celestia-addon-earth_without_water_2
celestia-addon-spaceman_spiff
celestia-addon-2010_exoplanets
celestia-addon-2009_exoplanets
celestia-addon-vaders_tie_fighter
celestia-addon-millenium_falcon
celestia-addon-star_destroyer
celestia-addon-deep_impact
celestia-addon-apollo_soyuz
celestial-gtk-theme
celestia-addon-atlantis_2
celestia-addon-voyagers
celestia-addon-xwing
celestia-addon-sun
img2txt
